c:\users\flareflax\desktop\programming\c++\environment-1.8\environmentengine\release\vc141.pdb
c:\users\flareflax\desktop\programming\c++\environment-1.8\environmentengine\release\world.obj
c:\users\flareflax\desktop\programming\c++\environment-1.8\environmentengine\release\vbo.obj
c:\users\flareflax\desktop\programming\c++\environment-1.8\environmentengine\release\vao.obj
c:\users\flareflax\desktop\programming\c++\environment-1.8\environmentengine\release\terrainshader.obj
c:\users\flareflax\desktop\programming\c++\environment-1.8\environmentengine\release\terrainrenderer.obj
c:\users\flareflax\desktop\programming\c++\environment-1.8\environmentengine\release\terrain.obj
c:\users\flareflax\desktop\programming\c++\environment-1.8\environmentengine\release\stb_image.obj
c:\users\flareflax\desktop\programming\c++\environment-1.8\environmentengine\release\staticloader.obj
c:\users\flareflax\desktop\programming\c++\environment-1.8\environmentengine\release\staticentityshader.obj
c:\users\flareflax\desktop\programming\c++\environment-1.8\environmentengine\release\staticentityrenderer.obj
c:\users\flareflax\desktop\programming\c++\environment-1.8\environmentengine\release\objfileloader.obj
c:\users\flareflax\desktop\programming\c++\environment-1.8\environmentengine\release\modelmanager.obj
c:\users\flareflax\desktop\programming\c++\environment-1.8\environmentengine\release\fpscamera.obj
c:\users\flareflax\desktop\programming\c++\environment-1.8\environmentengine\release\entity.obj
c:\users\flareflax\desktop\programming\c++\environment-1.8\environmentengine\release\engine.obj
c:\users\flareflax\desktop\programming\c++\environment-1.8\environmentengine\release\displaymanager.obj
c:\users\flareflax\desktop\programming\c++\environment-1.8\environmentengine\release\corerenderer.obj
c:\users\flareflax\desktop\programming\c++\environment-1.8\environmentengine\release\collisiondetectionmanager.obj
c:\users\flareflax\desktop\programming\c++\environment-1.8\environmentengine\release\glad.obj
c:\users\flareflax\desktop\programming\c++\environment-1.8\release\environmentengine.ipdb
c:\users\flareflax\desktop\programming\c++\environment-1.8\release\environmentengine.iobj
c:\users\flareflax\desktop\programming\c++\environment-1.8\release\environmentengine.exe
c:\users\flareflax\desktop\programming\c++\environment-1.8\release\environmentengine.pdb
c:\users\flareflax\desktop\programming\c++\environment-1.8\environmentengine\release\environm.b5bf57f4.tlog\cl.command.1.tlog
c:\users\flareflax\desktop\programming\c++\environment-1.8\environmentengine\release\environm.b5bf57f4.tlog\cl.read.1.tlog
c:\users\flareflax\desktop\programming\c++\environment-1.8\environmentengine\release\environm.b5bf57f4.tlog\cl.write.1.tlog
c:\users\flareflax\desktop\programming\c++\environment-1.8\environmentengine\release\environm.b5bf57f4.tlog\environmentengine.write.1u.tlog
c:\users\flareflax\desktop\programming\c++\environment-1.8\environmentengine\release\environm.b5bf57f4.tlog\link.command.1.tlog
c:\users\flareflax\desktop\programming\c++\environment-1.8\environmentengine\release\environm.b5bf57f4.tlog\link.read.1.tlog
c:\users\flareflax\desktop\programming\c++\environment-1.8\environmentengine\release\environm.b5bf57f4.tlog\link.write.1.tlog
